Started at Thu Apr 07 14:52:27 UTC 2022
Processing ansible-job
Offering ansible-job to Project Build Discarder
Processing ansible-users-db
Offering ansible-users-db to Project Build Discarder
Processing backup-aws
Offering backup-aws to Project Build Discarder
Processing dsl-job
Offering dsl-job to Project Build Discarder
Processing job_dsl_created
Offering job_dsl_created to Project Build Discarder
Processing job_dsl_example
Offering job_dsl_example to Project Build Discarder
Processing maven-job
Offering maven-job to Project Build Discarder
Processing maven_dsl
Offering maven_dsl to Project Build Discarder
Processing my-first-job
Offering my-first-job to Project Build Discarder
Processing pipeline
Offering pipeline to Project Build Discarder
Processing pipeline-docker-maven
Offering pipeline-docker-maven to Project Build Discarder
Processing remote-host
Offering remote-host to Project Build Discarder
Processing web-ansible
Offering web-ansible to Project Build Discarder
Finished at Thu Apr 07 14:52:27 UTC 2022. 3ms
Started at Thu Apr 07 15:52:27 UTC 2022
Processing ansible-job
Offering ansible-job to Project Build Discarder
Processing ansible-users-db
Offering ansible-users-db to Project Build Discarder
Processing backup-aws
Offering backup-aws to Project Build Discarder
Processing dsl-job
Offering dsl-job to Project Build Discarder
Processing job_dsl_created
Offering job_dsl_created to Project Build Discarder
Processing job_dsl_example
Offering job_dsl_example to Project Build Discarder
Processing maven-job
Offering maven-job to Project Build Discarder
Processing maven_dsl
Offering maven_dsl to Project Build Discarder
Processing my-first-job
Offering my-first-job to Project Build Discarder
Processing pipeline
Offering pipeline to Project Build Discarder
Processing pipeline-docker-maven
Offering pipeline-docker-maven to Project Build Discarder
Processing remote-host
Offering remote-host to Project Build Discarder
Processing web-ansible
Offering web-ansible to Project Build Discarder
Finished at Thu Apr 07 15:52:27 UTC 2022. 2ms
Started at Thu Apr 07 16:52:27 UTC 2022
Processing ansible-job
Offering ansible-job to Project Build Discarder
Processing ansible-users-db
Offering ansible-users-db to Project Build Discarder
Processing backup-aws
Offering backup-aws to Project Build Discarder
Processing dsl-job
Offering dsl-job to Project Build Discarder
Processing job_dsl_created
Offering job_dsl_created to Project Build Discarder
Processing job_dsl_example
Offering job_dsl_example to Project Build Discarder
Processing maven-job
Offering maven-job to Project Build Discarder
Processing maven_dsl
Offering maven_dsl to Project Build Discarder
Processing my-first-job
Offering my-first-job to Project Build Discarder
Processing pipeline
Offering pipeline to Project Build Discarder
Processing pipeline-docker-maven
Offering pipeline-docker-maven to Project Build Discarder
Processing remote-host
Offering remote-host to Project Build Discarder
Processing web-ansible
Offering web-ansible to Project Build Discarder
Finished at Thu Apr 07 16:52:27 UTC 2022. 2ms
Started at Thu Apr 07 17:52:27 UTC 2022
Processing ansible-job
Offering ansible-job to Project Build Discarder
Processing ansible-users-db
Offering ansible-users-db to Project Build Discarder
Processing backup-aws
Offering backup-aws to Project Build Discarder
Processing dsl-job
Offering dsl-job to Project Build Discarder
Processing job_dsl_created
Offering job_dsl_created to Project Build Discarder
Processing job_dsl_example
Offering job_dsl_example to Project Build Discarder
Processing maven-job
Offering maven-job to Project Build Discarder
Processing maven_dsl
Offering maven_dsl to Project Build Discarder
Processing my-first-job
Offering my-first-job to Project Build Discarder
Processing pipeline
Offering pipeline to Project Build Discarder
Processing pipeline-docker-maven
Offering pipeline-docker-maven to Project Build Discarder
Processing remote-host
Offering remote-host to Project Build Discarder
Processing web-ansible
Offering web-ansible to Project Build Discarder
Finished at Thu Apr 07 17:52:27 UTC 2022. 3ms
Started at Thu Apr 07 18:52:27 UTC 2022
Processing ansible-job
Offering ansible-job to Project Build Discarder
Processing ansible-users-db
Offering ansible-users-db to Project Build Discarder
Processing backup-aws
Offering backup-aws to Project Build Discarder
Processing dsl-job
Offering dsl-job to Project Build Discarder
Processing job_dsl_created
Offering job_dsl_created to Project Build Discarder
Processing job_dsl_example
Offering job_dsl_example to Project Build Discarder
Processing maven-job
Offering maven-job to Project Build Discarder
Processing maven_dsl
Offering maven_dsl to Project Build Discarder
Processing my-first-job
Offering my-first-job to Project Build Discarder
Processing pipeline
Offering pipeline to Project Build Discarder
Processing pipeline-docker-maven
Offering pipeline-docker-maven to Project Build Discarder
Processing remote-host
Offering remote-host to Project Build Discarder
Processing web-ansible
Offering web-ansible to Project Build Discarder
Finished at Thu Apr 07 18:52:27 UTC 2022. 2ms
Started at Thu Apr 07 19:52:27 UTC 2022
Processing ansible-job
Offering ansible-job to Project Build Discarder
Processing ansible-users-db
Offering ansible-users-db to Project Build Discarder
Processing backup-aws
Offering backup-aws to Project Build Discarder
Processing dsl-job
Offering dsl-job to Project Build Discarder
Processing job_dsl_created
Offering job_dsl_created to Project Build Discarder
Processing job_dsl_example
Offering job_dsl_example to Project Build Discarder
Processing maven-job
Offering maven-job to Project Build Discarder
Processing maven_dsl
Offering maven_dsl to Project Build Discarder
Processing my-first-job
Offering my-first-job to Project Build Discarder
Processing pipeline
Offering pipeline to Project Build Discarder
Processing pipeline-docker-maven
Offering pipeline-docker-maven to Project Build Discarder
Processing remote-host
Offering remote-host to Project Build Discarder
Processing web-ansible
Offering web-ansible to Project Build Discarder
Finished at Thu Apr 07 19:52:27 UTC 2022. 2ms
Started at Thu Apr 07 20:52:27 UTC 2022
Processing ansible-job
Offering ansible-job to Project Build Discarder
Processing ansible-users-db
Offering ansible-users-db to Project Build Discarder
Processing backup-aws
Offering backup-aws to Project Build Discarder
Processing dsl-job
Offering dsl-job to Project Build Discarder
Processing job_dsl_created
Offering job_dsl_created to Project Build Discarder
Processing job_dsl_example
Offering job_dsl_example to Project Build Discarder
Processing maven-job
Offering maven-job to Project Build Discarder
Processing maven_dsl
Offering maven_dsl to Project Build Discarder
Processing my-first-job
Offering my-first-job to Project Build Discarder
Processing pipeline
Offering pipeline to Project Build Discarder
Processing pipeline-docker-maven
Offering pipeline-docker-maven to Project Build Discarder
Processing remote-host
Offering remote-host to Project Build Discarder
Processing web-ansible
Offering web-ansible to Project Build Discarder
Finished at Thu Apr 07 20:52:27 UTC 2022. 2ms
Started at Thu Apr 07 21:52:27 UTC 2022
Processing ansible-job
Offering ansible-job to Project Build Discarder
Processing ansible-users-db
Offering ansible-users-db to Project Build Discarder
Processing backup-aws
Offering backup-aws to Project Build Discarder
Processing dsl-job
Offering dsl-job to Project Build Discarder
Processing job_dsl_created
Offering job_dsl_created to Project Build Discarder
Processing job_dsl_example
Offering job_dsl_example to Project Build Discarder
Processing maven-job
Offering maven-job to Project Build Discarder
Processing maven_dsl
Offering maven_dsl to Project Build Discarder
Processing my-first-job
Offering my-first-job to Project Build Discarder
Processing pipeline
Offering pipeline to Project Build Discarder
Processing pipeline-docker-maven
Offering pipeline-docker-maven to Project Build Discarder
Processing remote-host
Offering remote-host to Project Build Discarder
Processing web-ansible
Offering web-ansible to Project Build Discarder
Finished at Thu Apr 07 21:52:27 UTC 2022. 2ms
Started at Thu Apr 07 22:52:27 UTC 2022
Processing ansible-job
Offering ansible-job to Project Build Discarder
Processing ansible-users-db
Offering ansible-users-db to Project Build Discarder
Processing backup-aws
Offering backup-aws to Project Build Discarder
Processing dsl-job
Offering dsl-job to Project Build Discarder
Processing job_dsl_created
Offering job_dsl_created to Project Build Discarder
Processing job_dsl_example
Offering job_dsl_example to Project Build Discarder
Processing maven-job
Offering maven-job to Project Build Discarder
Processing maven_dsl
Offering maven_dsl to Project Build Discarder
Processing my-first-job
Offering my-first-job to Project Build Discarder
Processing pipeline
Offering pipeline to Project Build Discarder
Processing pipeline-docker-maven
Offering pipeline-docker-maven to Project Build Discarder
Processing remote-host
Offering remote-host to Project Build Discarder
Processing web-ansible
Offering web-ansible to Project Build Discarder
Finished at Thu Apr 07 22:52:27 UTC 2022. 3ms
Started at Thu Apr 07 23:52:27 UTC 2022
Processing ansible-job
Offering ansible-job to Project Build Discarder
Processing ansible-users-db
Offering ansible-users-db to Project Build Discarder
Processing backup-aws
Offering backup-aws to Project Build Discarder
Processing dsl-job
Offering dsl-job to Project Build Discarder
Processing job_dsl_created
Offering job_dsl_created to Project Build Discarder
Processing job_dsl_example
Offering job_dsl_example to Project Build Discarder
Processing maven-job
Offering maven-job to Project Build Discarder
Processing maven_dsl
Offering maven_dsl to Project Build Discarder
Processing my-first-job
Offering my-first-job to Project Build Discarder
Processing pipeline
Offering pipeline to Project Build Discarder
Processing pipeline-docker-maven
Offering pipeline-docker-maven to Project Build Discarder
Processing remote-host
Offering remote-host to Project Build Discarder
Processing web-ansible
Offering web-ansible to Project Build Discarder
Finished at Thu Apr 07 23:52:27 UTC 2022. 2ms
Started at Fri Apr 08 00:52:27 UTC 2022
Processing ansible-job
Offering ansible-job to Project Build Discarder
Processing ansible-users-db
Offering ansible-users-db to Project Build Discarder
Processing backup-aws
Offering backup-aws to Project Build Discarder
Processing dsl-job
Offering dsl-job to Project Build Discarder
Processing job_dsl_created
Offering job_dsl_created to Project Build Discarder
Processing job_dsl_example
Offering job_dsl_example to Project Build Discarder
Processing maven-job
Offering maven-job to Project Build Discarder
Processing maven_dsl
Offering maven_dsl to Project Build Discarder
Processing my-first-job
Offering my-first-job to Project Build Discarder
Processing pipeline
Offering pipeline to Project Build Discarder
Processing pipeline-docker-maven
Offering pipeline-docker-maven to Project Build Discarder
Processing remote-host
Offering remote-host to Project Build Discarder
Processing web-ansible
Offering web-ansible to Project Build Discarder
Finished at Fri Apr 08 00:52:27 UTC 2022. 2ms
Started at Fri Apr 08 01:52:27 UTC 2022
Processing ansible-job
Offering ansible-job to Project Build Discarder
Processing ansible-users-db
Offering ansible-users-db to Project Build Discarder
Processing backup-aws
Offering backup-aws to Project Build Discarder
Processing dsl-job
Offering dsl-job to Project Build Discarder
Processing job_dsl_created
Offering job_dsl_created to Project Build Discarder
Processing job_dsl_example
Offering job_dsl_example to Project Build Discarder
Processing maven-job
Offering maven-job to Project Build Discarder
Processing maven_dsl
Offering maven_dsl to Project Build Discarder
Processing my-first-job
Offering my-first-job to Project Build Discarder
Processing pipeline
Offering pipeline to Project Build Discarder
Processing pipeline-docker-maven
Offering pipeline-docker-maven to Project Build Discarder
Processing remote-host
Offering remote-host to Project Build Discarder
Processing web-ansible
Offering web-ansible to Project Build Discarder
Finished at Fri Apr 08 01:52:27 UTC 2022. 2ms
Started at Fri Apr 08 02:52:27 UTC 2022
Processing ansible-job
Offering ansible-job to Project Build Discarder
Processing ansible-users-db
Offering ansible-users-db to Project Build Discarder
Processing backup-aws
Offering backup-aws to Project Build Discarder
Processing dsl-job
Offering dsl-job to Project Build Discarder
Processing job_dsl_created
Offering job_dsl_created to Project Build Discarder
Processing job_dsl_example
Offering job_dsl_example to Project Build Discarder
Processing maven-job
Offering maven-job to Project Build Discarder
Processing maven_dsl
Offering maven_dsl to Project Build Discarder
Processing my-first-job
Offering my-first-job to Project Build Discarder
Processing pipeline
Offering pipeline to Project Build Discarder
Processing pipeline-docker-maven
Offering pipeline-docker-maven to Project Build Discarder
Processing remote-host
Offering remote-host to Project Build Discarder
Processing web-ansible
Offering web-ansible to Project Build Discarder
Finished at Fri Apr 08 02:52:27 UTC 2022. 2ms
Started at Fri Apr 08 03:52:27 UTC 2022
Processing ansible-job
Offering ansible-job to Project Build Discarder
Processing ansible-users-db
Offering ansible-users-db to Project Build Discarder
Processing backup-aws
Offering backup-aws to Project Build Discarder
Processing dsl-job
Offering dsl-job to Project Build Discarder
Processing job_dsl_created
Offering job_dsl_created to Project Build Discarder
Processing job_dsl_example
Offering job_dsl_example to Project Build Discarder
Processing maven-job
Offering maven-job to Project Build Discarder
Processing maven_dsl
Offering maven_dsl to Project Build Discarder
Processing my-first-job
Offering my-first-job to Project Build Discarder
Processing pipeline
Offering pipeline to Project Build Discarder
Processing pipeline-docker-maven
Offering pipeline-docker-maven to Project Build Discarder
Processing remote-host
Offering remote-host to Project Build Discarder
Processing web-ansible
Offering web-ansible to Project Build Discarder
Finished at Fri Apr 08 03:52:27 UTC 2022. 3ms
Started at Fri Apr 08 04:52:27 UTC 2022
Processing ansible-job
Offering ansible-job to Project Build Discarder
Processing ansible-users-db
Offering ansible-users-db to Project Build Discarder
Processing backup-aws
Offering backup-aws to Project Build Discarder
Processing dsl-job
Offering dsl-job to Project Build Discarder
Processing job_dsl_created
Offering job_dsl_created to Project Build Discarder
Processing job_dsl_example
Offering job_dsl_example to Project Build Discarder
Processing maven-job
Offering maven-job to Project Build Discarder
Processing maven_dsl
Offering maven_dsl to Project Build Discarder
Processing my-first-job
Offering my-first-job to Project Build Discarder
Processing pipeline
Offering pipeline to Project Build Discarder
Processing pipeline-docker-maven
Offering pipeline-docker-maven to Project Build Discarder
Processing remote-host
Offering remote-host to Project Build Discarder
Processing web-ansible
Offering web-ansible to Project Build Discarder
Finished at Fri Apr 08 04:52:27 UTC 2022. 2ms
Started at Fri Apr 08 05:52:27 UTC 2022
Processing ansible-job
Offering ansible-job to Project Build Discarder
Processing ansible-users-db
Offering ansible-users-db to Project Build Discarder
Processing backup-aws
Offering backup-aws to Project Build Discarder
Processing dsl-job
Offering dsl-job to Project Build Discarder
Processing job_dsl_created
Offering job_dsl_created to Project Build Discarder
Processing job_dsl_example
Offering job_dsl_example to Project Build Discarder
Processing maven-job
Offering maven-job to Project Build Discarder
Processing maven_dsl
Offering maven_dsl to Project Build Discarder
Processing my-first-job
Offering my-first-job to Project Build Discarder
Processing pipeline
Offering pipeline to Project Build Discarder
Processing pipeline-docker-maven
Offering pipeline-docker-maven to Project Build Discarder
Processing remote-host
Offering remote-host to Project Build Discarder
Processing web-ansible
Offering web-ansible to Project Build Discarder
Finished at Fri Apr 08 05:52:27 UTC 2022. 3ms
Started at Fri Apr 08 06:52:27 UTC 2022
Processing ansible-job
Offering ansible-job to Project Build Discarder
Processing ansible-users-db
Offering ansible-users-db to Project Build Discarder
Processing backup-aws
Offering backup-aws to Project Build Discarder
Processing dsl-job
Offering dsl-job to Project Build Discarder
Processing job_dsl_created
Offering job_dsl_created to Project Build Discarder
Processing job_dsl_example
Offering job_dsl_example to Project Build Discarder
Processing maven-job
Offering maven-job to Project Build Discarder
Processing maven_dsl
Offering maven_dsl to Project Build Discarder
Processing my-first-job
Offering my-first-job to Project Build Discarder
Processing pipeline
Offering pipeline to Project Build Discarder
Processing pipeline-docker-maven
Offering pipeline-docker-maven to Project Build Discarder
Processing remote-host
Offering remote-host to Project Build Discarder
Processing web-ansible
Offering web-ansible to Project Build Discarder
Finished at Fri Apr 08 06:52:27 UTC 2022. 1ms
Started at Fri Apr 08 07:52:27 UTC 2022
Processing ansible-job
Offering ansible-job to Project Build Discarder
Processing ansible-users-db
Offering ansible-users-db to Project Build Discarder
Processing backup-aws
Offering backup-aws to Project Build Discarder
Processing dsl-job
Offering dsl-job to Project Build Discarder
Processing job_dsl_created
Offering job_dsl_created to Project Build Discarder
Processing job_dsl_example
Offering job_dsl_example to Project Build Discarder
Processing maven-job
Offering maven-job to Project Build Discarder
Processing maven_dsl
Offering maven_dsl to Project Build Discarder
Processing my-first-job
Offering my-first-job to Project Build Discarder
Processing pipeline
Offering pipeline to Project Build Discarder
Processing pipeline-docker-maven
Offering pipeline-docker-maven to Project Build Discarder
Processing remote-host
Offering remote-host to Project Build Discarder
Processing web-ansible
Offering web-ansible to Project Build Discarder
Finished at Fri Apr 08 07:52:27 UTC 2022. 3ms
Started at Fri Apr 08 08:52:27 UTC 2022
Processing ansible-job
Offering ansible-job to Project Build Discarder
Processing ansible-users-db
Offering ansible-users-db to Project Build Discarder
Processing backup-aws
Offering backup-aws to Project Build Discarder
Processing dsl-job
Offering dsl-job to Project Build Discarder
Processing job_dsl_created
Offering job_dsl_created to Project Build Discarder
Processing job_dsl_example
Offering job_dsl_example to Project Build Discarder
Processing maven-job
Offering maven-job to Project Build Discarder
Processing maven_dsl
Offering maven_dsl to Project Build Discarder
Processing my-first-job
Offering my-first-job to Project Build Discarder
Processing pipeline
Offering pipeline to Project Build Discarder
Processing pipeline-docker-maven
Offering pipeline-docker-maven to Project Build Discarder
Processing remote-host
Offering remote-host to Project Build Discarder
Processing web-ansible
Offering web-ansible to Project Build Discarder
Finished at Fri Apr 08 08:52:27 UTC 2022. 2ms
